{"/Users/samaad/server-deployment-practice/server.js": {"path":"/Users/samaad/server-deployment-practice/server.js","statementMap":{"0":{"start":{"line":3,"column":12},"end":{"line":3,"column":31}},"1":{"start":{"line":4,"column":16},"end":{"line":4,"column":34}},"2":{"start":{"line":5,"column":13},"end":{"line":5,"column":28}},"3":{"start":{"line":7,"column":12},"end":{"line":7,"column":21}},"4":{"start":{"line":8,"column":0},"end":{"line":8,"column":16}},"5":{"start":{"line":10,"column":0},"end":{"line":17,"column":3}},"6":{"start":{"line":12,"column":17},"end":{"line":12,"column":43}},"7":{"start":{"line":13,"column":17},"end":{"line":13,"column":43}},"8":{"start":{"line":14,"column":2},"end":{"line":14,"column":30}},"9":{"start":{"line":16,"column":2},"end":{"line":16,"column":57}},"10":{"start":{"line":19,"column":0},"end":{"line":19,"column":21}}},"fnMap":{"0":{"name":"(anonymous_0)","decl":{"start":{"line":10,"column":16},"end":{"line":10,"column":17}},"loc":{"start":{"line":10,"column":30},"end":{"line":17,"column":1}},"line":10}},"branchMap":{},"s":{"0":1,"1":1,"2":1,"3":1,"4":1,"5":1,"6":1,"7":1,"8":1,"9":1,"10":1},"f":{"0":1},"b":{},"_coverageSchema":"1a1c01bbd47fc00a2c39e90264f33305004495a9","hash":"3c83f196a3b1437b2ee534f128f5ac6aee65c656"}
,"/Users/samaad/server-deployment-practice/sum.js": {"path":"/Users/samaad/server-deployment-practice/sum.js","statementMap":{"0":{"start":{"line":4,"column":2},"end":{"line":4,"column":15}},"1":{"start":{"line":8,"column":0},"end":{"line":8,"column":21}}},"fnMap":{"0":{"name":"sum","decl":{"start":{"line":3,"column":9},"end":{"line":3,"column":12}},"loc":{"start":{"line":3,"column":19},"end":{"line":5,"column":1}},"line":3}},"branchMap":{},"s":{"0":2,"1":2},"f":{"0":2},"b":{},"_coverageSchema":"1a1c01bbd47fc00a2c39e90264f33305004495a9","hash":"49c7d1b5f177ec3a774e8f6d0535a9de0f051f01"}
}
